Using pre-set license
Built from '2020.3/staging' branch; Version is '2020.3.11f1 (99c7afb366b3) revision 10078127'; Using compiler version '192528614'; Build Type 'Release'
OS: 'Windows 10 Home; OS build 19044.1645; Version 2009; 64bit' Language: 'en' Physical Memory: 32690 MB
BatchMode: 1, IsHumanControllingUs: 0, StartBugReporterOnCrash: 0, Is64bit: 1, IsPro: 0

 COMMAND LINE ARGUMENTS:
C:\Program Files\Unity\Hub\Editor\2020.3.11f1\Editor\Unity.exe
-adb2
-batchMode
-noUpm
-name
AssetImportWorker0
-projectPath
C:/Users/Jake/Downloads/Formational Movement/LostSpaceBar
-logFile
Logs/AssetImportWorker0.log
-srvPort
49593
Successfully changed project path to: C:/Users/Jake/Downloads/Formational Movement/LostSpaceBar
C:/Users/Jake/Downloads/Formational Movement/LostSpaceBar
Using Asset Import Pipeline V2.
Refreshing native plugins compatible for Editor in 20.58 ms, found 2 plugins.
Preloading 0 native plugins for Editor in 0.00 ms.
Initialize engine version: 2020.3.11f1 (99c7afb366b3)
[Subsystems] Discovering subsystems at path C:/Program Files/Unity/Hub/Editor/2020.3.11f1/Editor/Data/Resources/UnitySubsystems
[Subsystems] Discovering subsystems at path C:/Users/Jake/Downloads/Formational Movement/LostSpaceBar/Assets
GfxDevice: creating device client; threaded=0
Direct3D:
    Version:  Direct3D 11.0 [level 11.1]
    Renderer: NVIDIA GeForce RTX 3070 (ID=0x2484)
    Vendor:   
    VRAM:     8043 MB
    Driver:   27.21.14.6172
Initialize mono
Mono path[0] = 'C:/Program Files/Unity/Hub/Editor/2020.3.11f1/Editor/Data/Managed'
Mono path[1] = 'C:/Program Files/Unity/Hub/Editor/2020.3.11f1/Editor/Data/MonoBleedingEdge/lib/mono/unityjit'
Mono config path = 'C:/Program Files/Unity/Hub/Editor/2020.3.11f1/Editor/Data/MonoBleedingEdge/etc'
Using monoOptions --debugger-agent=transport=dt_socket,embedding=1,server=y,suspend=n,address=127.0.0.1:56628
Begin MonoManager ReloadAssembly
Registering precompiled unity dll's ...
Register platform support module: C:/Program Files/Unity/Hub/Editor/2020.3.11f1/Editor/Data/PlaybackEngines/WebGLSupport/UnityEditor.WebGL.Extensions.dll
Register platform support module: C:/Program Files/Unity/Hub/Editor/2020.3.11f1/Editor/Data/PlaybackEngines/WindowsStandaloneSupport/UnityEditor.WindowsStandalone.Extensions.dll
Registered in 0.001797 seconds.
Native extension for WindowsStandalone target not found
Native extension for WebGL target not found
Refreshing native plugins compatible for Editor in 19.57 ms, found 2 plugins.
Preloading 0 native plugins for Editor in 0.00 ms.
Mono: successfully reloaded assembly
- Completed reload, in  0.809 seconds
Platform modules already initialized, skipping
Registering precompiled user dll's ...
Registered in 0.002851 seconds.
Begin MonoManager ReloadAssembly
Native extension for WindowsStandalone target not found
Native extension for WebGL target not found
Refreshing native plugins compatible for Editor in 0.25 ms, found 2 plugins.
Preloading 0 native plugins for Editor in 0.00 ms.
Mono: successfully reloaded assembly
- Completed reload, in  0.705 seconds
Platform modules already initialized, skipping
========================================================================
Worker process is ready to serve import requests
Launched and connected shader compiler UnityShaderCompiler.exe after 0.03 seconds
Refreshing native plugins compatible for Editor in 0.24 ms, found 2 plugins.
Preloading 0 native plugins for Editor in 0.00 ms.
Unloading 1396 Unused Serialized files (Serialized files now loaded: 0)
System memory in use before: 65.6 MB.
System memory in use after: 65.6 MB.

Unloading 19 unused Assets to reduce memory usage. Loaded Objects now: 1835.
Total: 1.348000 ms (FindLiveObjects: 0.117000 ms CreateObjectMapping: 0.034400 ms MarkObjects: 1.144500 ms  DeleteObjects: 0.051400 ms)

========================================================================
Received Import Request.
  path: Assets/Materials/New Material 2.mat
  artifactKey: Guid(a2d40d3a0c753954e9e0ec4669e76336) Importer(815301076,1909f56bfc062723c751e8b465ee728b)
Start importing Assets/Materials/New Material 2.mat using Guid(a2d40d3a0c753954e9e0ec4669e76336) Importer(815301076,1909f56bfc062723c751e8b465ee728b)  -> (artifact id: 'b195fb75a4c49182451bfd0a7c7bbcff') in 0.074735 seconds
  Import took 0.076394 seconds .

========================================================================
Received Import Request.
  Time since last request: 20.869280 seconds.
  path: Assets/Materials/New Material 3.mat
  artifactKey: Guid(445efb9870d43c849ac92528361366a6) Importer(815301076,1909f56bfc062723c751e8b465ee728b)
Start importing Assets/Materials/New Material 3.mat using Guid(445efb9870d43c849ac92528361366a6) Importer(815301076,1909f56bfc062723c751e8b465ee728b)  -> (artifact id: '5768a621b34b037397c90d65e971b8af') in 0.012895 seconds
  Import took 0.014857 seconds .

========================================================================
Received Import Request.
  Time since last request: 142.653369 seconds.
  path: Assets/Scripts/SpaceshipEnd.cs
  artifactKey: Guid(371dc7dbb1f0977418187362e38d25b5) Importer(815301076,1909f56bfc062723c751e8b465ee728b)
Start importing Assets/Scripts/SpaceshipEnd.cs using Guid(371dc7dbb1f0977418187362e38d25b5) Importer(815301076,1909f56bfc062723c751e8b465ee728b)  -> (artifact id: 'ec4c3b4edac68429f4fefdc200cb4a88') in 0.007985 seconds
  Import took 0.009753 seconds .

========================================================================
Received Import Request.
  Time since last request: 0.063381 seconds.
  path: Assets/Scripts/SpaceshipEnd.cs
  artifactKey: Guid(371dc7dbb1f0977418187362e38d25b5) Importer(815301076,1909f56bfc062723c751e8b465ee728b)
Start importing Assets/Scripts/SpaceshipEnd.cs using Guid(371dc7dbb1f0977418187362e38d25b5) Importer(815301076,1909f56bfc062723c751e8b465ee728b)  -> (artifact id: 'ec4c3b4edac68429f4fefdc200cb4a88') in 0.003112 seconds
  Import took 0.004969 seconds .

========================================================================
Received Prepare
Registering precompiled user dll's ...
Registered in 0.002681 seconds.
Begin MonoManager ReloadAssembly
Native extension for WindowsStandalone target not found
Native extension for WebGL target not found
Refreshing native plugins compatible for Editor in 0.26 ms, found 2 plugins.
Preloading 0 native plugins for Editor in 0.00 ms.
Mono: successfully reloaded assembly
- Completed reload, in  0.673 seconds
Platform modules already initialized, skipping
Refreshing native plugins compatible for Editor in 0.24 ms, found 2 plugins.
Preloading 0 native plugins for Editor in 0.00 ms.
Unloading 1392 Unused Serialized files (Serialized files now loaded: 0)
System memory in use before: 68.9 MB.
System memory in use after: 69.0 MB.

Unloading 14 unused Assets to reduce memory usage. Loaded Objects now: 1879.
Total: 1.311400 ms (FindLiveObjects: 0.113900 ms CreateObjectMapping: 0.034800 ms MarkObjects: 1.131600 ms  DeleteObjects: 0.030500 ms)

========================================================================
Received Prepare
Registering precompiled user dll's ...
Registered in 0.002696 seconds.
Begin MonoManager ReloadAssembly
Native extension for WindowsStandalone target not found
Native extension for WebGL target not found
Refreshing native plugins compatible for Editor in 0.25 ms, found 2 plugins.
Preloading 0 native plugins for Editor in 0.00 ms.
Mono: successfully reloaded assembly
- Completed reload, in  0.666 seconds
Platform modules already initialized, skipping
Refreshing native plugins compatible for Editor in 0.25 ms, found 2 plugins.
Preloading 0 native plugins for Editor in 0.00 ms.
Unloading 1392 Unused Serialized files (Serialized files now loaded: 0)
System memory in use before: 68.9 MB.
System memory in use after: 69.0 MB.

Unloading 14 unused Assets to reduce memory usage. Loaded Objects now: 1882.
Total: 1.321900 ms (FindLiveObjects: 0.111500 ms CreateObjectMapping: 0.034600 ms MarkObjects: 1.144500 ms  DeleteObjects: 0.030700 ms)

========================================================================
Received Prepare
Registering precompiled user dll's ...
Registered in 0.002799 seconds.
Begin MonoManager ReloadAssembly
Native extension for WindowsStandalone target not found
Native extension for WebGL target not found
Refreshing native plugins compatible for Editor in 0.25 ms, found 2 plugins.
Preloading 0 native plugins for Editor in 0.00 ms.
Mono: successfully reloaded assembly
- Completed reload, in  0.650 seconds
Platform modules already initialized, skipping
Refreshing native plugins compatible for Editor in 0.25 ms, found 2 plugins.
Preloading 0 native plugins for Editor in 0.00 ms.
Unloading 1392 Unused Serialized files (Serialized files now loaded: 0)
System memory in use before: 68.9 MB.
System memory in use after: 69.0 MB.

Unloading 14 unused Assets to reduce memory usage. Loaded Objects now: 1885.
Total: 1.313900 ms (FindLiveObjects: 0.114300 ms CreateObjectMapping: 0.034000 ms MarkObjects: 1.132400 ms  DeleteObjects: 0.032500 ms)

========================================================================
Received Prepare
Registering precompiled user dll's ...
Registered in 0.002742 seconds.
Begin MonoManager ReloadAssembly
Native extension for WindowsStandalone target not found
Native extension for WebGL target not found
Refreshing native plugins compatible for Editor in 0.25 ms, found 2 plugins.
Preloading 0 native plugins for Editor in 0.00 ms.
Mono: successfully reloaded assembly
- Completed reload, in  0.661 seconds
Platform modules already initialized, skipping
Refreshing native plugins compatible for Editor in 0.24 ms, found 2 plugins.
Preloading 0 native plugins for Editor in 0.00 ms.
Unloading 1392 Unused Serialized files (Serialized files now loaded: 0)
System memory in use before: 68.9 MB.
System memory in use after: 69.0 MB.

Unloading 14 unused Assets to reduce memory usage. Loaded Objects now: 1888.
Total: 1.337800 ms (FindLiveObjects: 0.117700 ms CreateObjectMapping: 0.037300 ms MarkObjects: 1.147900 ms  DeleteObjects: 0.034300 ms)

========================================================================
Received Prepare
Registering precompiled user dll's ...
Registered in 0.002783 seconds.
Begin MonoManager ReloadAssembly
Native extension for WindowsStandalone target not found
Native extension for WebGL target not found
Refreshing native plugins compatible for Editor in 0.26 ms, found 2 plugins.
Preloading 0 native plugins for Editor in 0.00 ms.
Mono: successfully reloaded assembly
- Completed reload, in  0.654 seconds
Platform modules already initialized, skipping
Refreshing native plugins compatible for Editor in 0.23 ms, found 2 plugins.
Preloading 0 native plugins for Editor in 0.00 ms.
Unloading 1392 Unused Serialized files (Serialized files now loaded: 0)
System memory in use before: 68.9 MB.
System memory in use after: 69.0 MB.

Unloading 14 unused Assets to reduce memory usage. Loaded Objects now: 1891.
Total: 1.346500 ms (FindLiveObjects: 0.115600 ms CreateObjectMapping: 0.034700 ms MarkObjects: 1.158200 ms  DeleteObjects: 0.037200 ms)

========================================================================
Received Import Request.
  Time since last request: 2227.125227 seconds.
  path: Assets/Cube (1).controller
  artifactKey: Guid(f36ff479aaecc604cba09b1bdbf83b68) Importer(815301076,1909f56bfc062723c751e8b465ee728b)
Start importing Assets/Cube (1).controller using Guid(f36ff479aaecc604cba09b1bdbf83b68) Importer(815301076,1909f56bfc062723c751e8b465ee728b)  -> (artifact id: '50267d69f363f956293c323026aa0c61') in 0.017320 seconds
  Import took 0.019026 seconds .

========================================================================
Received Import Request.
  Time since last request: 0.960084 seconds.
  path: Assets/AnimationPlat3.anim
  artifactKey: Guid(324e617f084697041b42d04fb51328e1) Importer(815301076,1909f56bfc062723c751e8b465ee728b)
Start importing Assets/AnimationPlat3.anim using Guid(324e617f084697041b42d04fb51328e1) Importer(815301076,1909f56bfc062723c751e8b465ee728b)  -> (artifact id: '3b47f35d1eb0fa177cf5c7163d68b2ed') in 0.007763 seconds
  Import took 0.009547 seconds .

========================================================================
Received Import Request.
  Time since last request: 0.002879 seconds.
  path: Assets/AnimationPlat3.anim
  artifactKey: Guid(324e617f084697041b42d04fb51328e1) Importer(815301076,1909f56bfc062723c751e8b465ee728b)
Start importing Assets/AnimationPlat3.anim using Guid(324e617f084697041b42d04fb51328e1) Importer(815301076,1909f56bfc062723c751e8b465ee728b)  -> (artifact id: '3b47f35d1eb0fa177cf5c7163d68b2ed') in 0.003004 seconds
  Import took 0.004615 seconds .

========================================================================
Received Import Request.
  Time since last request: 796.713606 seconds.
  path: Assets/Scripts/EnemyController2.cs
  artifactKey: Guid(345a935781aa34742be18605caeda28f) Importer(815301076,1909f56bfc062723c751e8b465ee728b)
Start importing Assets/Scripts/EnemyController2.cs using Guid(345a935781aa34742be18605caeda28f) Importer(815301076,1909f56bfc062723c751e8b465ee728b)  -> (artifact id: '96da7e025a185f2abf32d1488d45648c') in 0.006131 seconds
  Import took 0.008224 seconds .

========================================================================
Received Import Request.
  Time since last request: 0.003305 seconds.
  path: Assets/Scripts/EnemyController2.cs
  artifactKey: Guid(345a935781aa34742be18605caeda28f) Importer(815301076,1909f56bfc062723c751e8b465ee728b)
Start importing Assets/Scripts/EnemyController2.cs using Guid(345a935781aa34742be18605caeda28f) Importer(815301076,1909f56bfc062723c751e8b465ee728b)  -> (artifact id: '96da7e025a185f2abf32d1488d45648c') in 0.002643 seconds
  Import took 0.004308 seconds .

========================================================================
Received Prepare
Registering precompiled user dll's ...
Registered in 0.002607 seconds.
Begin MonoManager ReloadAssembly
Native extension for WindowsStandalone target not found
Native extension for WebGL target not found
Refreshing native plugins compatible for Editor in 0.27 ms, found 2 plugins.
Preloading 0 native plugins for Editor in 0.00 ms.
Mono: successfully reloaded assembly
- Completed reload, in  0.669 seconds
Platform modules already initialized, skipping
Refreshing native plugins compatible for Editor in 0.24 ms, found 2 plugins.
Preloading 0 native plugins for Editor in 0.00 ms.
Unloading 1393 Unused Serialized files (Serialized files now loaded: 0)
System memory in use before: 69.0 MB.
System memory in use after: 69.1 MB.

Unloading 14 unused Assets to reduce memory usage. Loaded Objects now: 1895.
Total: 1.350100 ms (FindLiveObjects: 0.121900 ms CreateObjectMapping: 0.035600 ms MarkObjects: 1.156100 ms  DeleteObjects: 0.035800 ms)

========================================================================
Received Import Request.
  Time since last request: 67.965790 seconds.
  path: Assets/Scripts/EnemyController2.cs
  artifactKey: Guid(345a935781aa34742be18605caeda28f) Importer(815301076,1909f56bfc062723c751e8b465ee728b)
Start importing Assets/Scripts/EnemyController2.cs using Guid(345a935781aa34742be18605caeda28f) Importer(815301076,1909f56bfc062723c751e8b465ee728b)  -> (artifact id: '7ce5cab9ddc23b3f0ccd8cab0a4940c8') in 0.006040 seconds
  Import took 0.007843 seconds .

========================================================================
Received Prepare
Registering precompiled user dll's ...
Registered in 0.002693 seconds.
Begin MonoManager ReloadAssembly
Native extension for WindowsStandalone target not found
Native extension for WebGL target not found
Refreshing native plugins compatible for Editor in 0.26 ms, found 2 plugins.
Preloading 0 native plugins for Editor in 0.00 ms.
Mono: successfully reloaded assembly
- Completed reload, in  0.654 seconds
Platform modules already initialized, skipping
Refreshing native plugins compatible for Editor in 0.25 ms, found 2 plugins.
Preloading 0 native plugins for Editor in 0.00 ms.
Unloading 1393 Unused Serialized files (Serialized files now loaded: 0)
System memory in use before: 69.0 MB.
System memory in use after: 69.1 MB.

Unloading 14 unused Assets to reduce memory usage. Loaded Objects now: 1898.
Total: 1.331100 ms (FindLiveObjects: 0.116000 ms CreateObjectMapping: 0.034400 ms MarkObjects: 1.148200 ms  DeleteObjects: 0.032000 ms)

========================================================================
Received Import Request.
  Time since last request: 85.096046 seconds.
  path: Assets/Scripts/EnemyController2.cs
  artifactKey: Guid(345a935781aa34742be18605caeda28f) Importer(815301076,1909f56bfc062723c751e8b465ee728b)
Start importing Assets/Scripts/EnemyController2.cs using Guid(345a935781aa34742be18605caeda28f) Importer(815301076,1909f56bfc062723c751e8b465ee728b)  -> (artifact id: '3f0c9073dacbc754143efeacaa82e3b5') in 0.003766 seconds
  Import took 0.005583 seconds .

========================================================================
Received Import Request.
  Time since last request: 0.000533 seconds.
  path: Assets/Scripts/EnemyController2.cs
  artifactKey: Guid(345a935781aa34742be18605caeda28f) Importer(815301076,1909f56bfc062723c751e8b465ee728b)
Start importing Assets/Scripts/EnemyController2.cs using Guid(345a935781aa34742be18605caeda28f) Importer(815301076,1909f56bfc062723c751e8b465ee728b)  -> (artifact id: '3f0c9073dacbc754143efeacaa82e3b5') in 0.001747 seconds
  Import took 0.003274 seconds .

========================================================================
Received Prepare
Registering precompiled user dll's ...
Registered in 0.002776 seconds.
Begin MonoManager ReloadAssembly
Native extension for WindowsStandalone target not found
Native extension for WebGL target not found
Refreshing native plugins compatible for Editor in 0.27 ms, found 2 plugins.
Preloading 0 native plugins for Editor in 0.00 ms.
Mono: successfully reloaded assembly
- Completed reload, in  0.689 seconds
Platform modules already initialized, skipping
Refreshing native plugins compatible for Editor in 0.25 ms, found 2 plugins.
Preloading 0 native plugins for Editor in 0.00 ms.
Unloading 1394 Unused Serialized files (Serialized files now loaded: 0)
System memory in use before: 69.0 MB.
System memory in use after: 69.1 MB.

Unloading 14 unused Assets to reduce memory usage. Loaded Objects now: 1902.
Total: 1.362200 ms (FindLiveObjects: 0.119600 ms CreateObjectMapping: 0.036600 ms MarkObjects: 1.171400 ms  DeleteObjects: 0.034100 ms)

========================================================================
Received Import Request.
  Time since last request: 90.431235 seconds.
  path: Assets/Scripts/Deathplane1.cs
  artifactKey: Guid(478ea996b817b034b994ca5787829a7e) Importer(815301076,1909f56bfc062723c751e8b465ee728b)
Start importing Assets/Scripts/Deathplane1.cs using Guid(478ea996b817b034b994ca5787829a7e) Importer(815301076,1909f56bfc062723c751e8b465ee728b)  -> (artifact id: '367cf06754587c3b83f45a0f7025b1c6') in 0.006207 seconds
  Import took 0.007839 seconds .

========================================================================
Received Prepare
Registering precompiled user dll's ...
Registered in 0.002534 seconds.
Begin MonoManager ReloadAssembly
Native extension for WindowsStandalone target not found
Native extension for WebGL target not found
Refreshing native plugins compatible for Editor in 0.25 ms, found 2 plugins.
Preloading 0 native plugins for Editor in 0.00 ms.
Mono: successfully reloaded assembly
- Completed reload, in  0.664 seconds
Platform modules already initialized, skipping
Refreshing native plugins compatible for Editor in 0.24 ms, found 2 plugins.
Preloading 0 native plugins for Editor in 0.00 ms.
Unloading 1394 Unused Serialized files (Serialized files now loaded: 0)
System memory in use before: 69.0 MB.
System memory in use after: 69.1 MB.

Unloading 14 unused Assets to reduce memory usage. Loaded Objects now: 1905.
Total: 1.321400 ms (FindLiveObjects: 0.115800 ms CreateObjectMapping: 0.036500 ms MarkObjects: 1.135300 ms  DeleteObjects: 0.033200 ms)

========================================================================
Received Import Request.
  Time since last request: 9.288139 seconds.
  path: Assets/Scripts/Deathplane2.cs
  artifactKey: Guid(416efbd88c77fca478800d1d24d7d999) Importer(815301076,1909f56bfc062723c751e8b465ee728b)
Start importing Assets/Scripts/Deathplane2.cs using Guid(416efbd88c77fca478800d1d24d7d999) Importer(815301076,1909f56bfc062723c751e8b465ee728b)  -> (artifact id: '143c41aae0ef949827627bf034c7d11b') in 0.008016 seconds
  Import took 0.010135 seconds .

========================================================================
Received Import Request.
  Time since last request: 0.050959 seconds.
  path: Assets/Scripts/Deathplane2.cs
  artifactKey: Guid(416efbd88c77fca478800d1d24d7d999) Importer(815301076,1909f56bfc062723c751e8b465ee728b)
Start importing Assets/Scripts/Deathplane2.cs using Guid(416efbd88c77fca478800d1d24d7d999) Importer(815301076,1909f56bfc062723c751e8b465ee728b)  -> (artifact id: '143c41aae0ef949827627bf034c7d11b') in 0.002907 seconds
  Import took 0.004757 seconds .

========================================================================
Received Prepare
Registering precompiled user dll's ...
Registered in 0.002582 seconds.
Begin MonoManager ReloadAssembly
Native extension for WindowsStandalone target not found
Native extension for WebGL target not found
Refreshing native plugins compatible for Editor in 0.25 ms, found 2 plugins.
Preloading 0 native plugins for Editor in 0.00 ms.
Mono: successfully reloaded assembly
- Completed reload, in  0.669 seconds
Platform modules already initialized, skipping
Refreshing native plugins compatible for Editor in 0.25 ms, found 2 plugins.
Preloading 0 native plugins for Editor in 0.00 ms.
Unloading 1395 Unused Serialized files (Serialized files now loaded: 0)
System memory in use before: 69.1 MB.
System memory in use after: 69.1 MB.

Unloading 14 unused Assets to reduce memory usage. Loaded Objects now: 1909.
Total: 1.412800 ms (FindLiveObjects: 0.112800 ms CreateObjectMapping: 0.033400 ms MarkObjects: 1.232200 ms  DeleteObjects: 0.033900 ms)

========================================================================
Received Import Request.
  Time since last request: 13.981556 seconds.
  path: Assets/Scripts/Deathplane3.cs
  artifactKey: Guid(6a1bee94d54dac7438f2619c1238da03) Importer(815301076,1909f56bfc062723c751e8b465ee728b)
Start importing Assets/Scripts/Deathplane3.cs using Guid(6a1bee94d54dac7438f2619c1238da03) Importer(815301076,1909f56bfc062723c751e8b465ee728b)  -> (artifact id: '8306ff43103765d7481f8c24ae5ddbe4') in 0.007721 seconds
  Import took 0.009603 seconds .

========================================================================
Received Import Request.
  Time since last request: 0.001074 seconds.
  path: Assets/Scripts/Deathplane3.cs
  artifactKey: Guid(6a1bee94d54dac7438f2619c1238da03) Importer(815301076,1909f56bfc062723c751e8b465ee728b)
Start importing Assets/Scripts/Deathplane3.cs using Guid(6a1bee94d54dac7438f2619c1238da03) Importer(815301076,1909f56bfc062723c751e8b465ee728b)  -> (artifact id: '8306ff43103765d7481f8c24ae5ddbe4') in 0.002645 seconds
  Import took 0.004269 seconds .

========================================================================
Received Prepare
Registering precompiled user dll's ...
Registered in 0.002582 seconds.
Begin MonoManager ReloadAssembly
Native extension for WindowsStandalone target not found
Native extension for WebGL target not found
Refreshing native plugins compatible for Editor in 0.25 ms, found 2 plugins.
Preloading 0 native plugins for Editor in 0.00 ms.
Mono: successfully reloaded assembly
- Completed reload, in  0.664 seconds
Platform modules already initialized, skipping
Refreshing native plugins compatible for Editor in 0.24 ms, found 2 plugins.
Preloading 0 native plugins for Editor in 0.00 ms.
Unloading 1396 Unused Serialized files (Serialized files now loaded: 0)
System memory in use before: 69.1 MB.
System memory in use after: 69.2 MB.

Unloading 14 unused Assets to reduce memory usage. Loaded Objects now: 1913.
Total: 1.365300 ms (FindLiveObjects: 0.115600 ms CreateObjectMapping: 0.034000 ms MarkObjects: 1.182900 ms  DeleteObjects: 0.032200 ms)

========================================================================
Received Prepare
Registering precompiled user dll's ...
Registered in 0.002692 seconds.
Begin MonoManager ReloadAssembly
Native extension for WindowsStandalone target not found
Native extension for WebGL target not found
Refreshing native plugins compatible for Editor in 0.25 ms, found 2 plugins.
Preloading 0 native plugins for Editor in 0.00 ms.
Mono: successfully reloaded assembly
- Completed reload, in  0.668 seconds
Platform modules already initialized, skipping
Refreshing native plugins compatible for Editor in 0.24 ms, found 2 plugins.
Preloading 0 native plugins for Editor in 0.00 ms.
Unloading 1396 Unused Serialized files (Serialized files now loaded: 0)
System memory in use before: 69.1 MB.
System memory in use after: 69.2 MB.

Unloading 14 unused Assets to reduce memory usage. Loaded Objects now: 1916.
Total: 1.347000 ms (FindLiveObjects: 0.119400 ms CreateObjectMapping: 0.035300 ms MarkObjects: 1.156300 ms  DeleteObjects: 0.035300 ms)

========================================================================
Received Import Request.
  Time since last request: 99.193598 seconds.
  path: Assets/Scripts/Deathplane3.cs
  artifactKey: Guid(6a1bee94d54dac7438f2619c1238da03) Importer(815301076,1909f56bfc062723c751e8b465ee728b)
Start importing Assets/Scripts/Deathplane3.cs using Guid(6a1bee94d54dac7438f2619c1238da03) Importer(815301076,1909f56bfc062723c751e8b465ee728b)  -> (artifact id: 'ba69d87cd7edf195f8d32396d827e451') in 0.004384 seconds
  Import took 0.005946 seconds .

========================================================================
Received Import Request.
  Time since last request: 70.294184 seconds.
  path: Assets/Scripts/Deathplane2.cs
  artifactKey: Guid(416efbd88c77fca478800d1d24d7d999) Importer(815301076,1909f56bfc062723c751e8b465ee728b)
Start importing Assets/Scripts/Deathplane2.cs using Guid(416efbd88c77fca478800d1d24d7d999) Importer(815301076,1909f56bfc062723c751e8b465ee728b)  -> (artifact id: '7e0b9ace6eb26237b1cc0313733db7c9') in 0.005464 seconds
  Import took 0.007467 seconds .

========================================================================
Received Import Request.
  Time since last request: 0.001959 seconds.
  path: Assets/Scripts/Deathplane2.cs
  artifactKey: Guid(416efbd88c77fca478800d1d24d7d999) Importer(815301076,1909f56bfc062723c751e8b465ee728b)
Start importing Assets/Scripts/Deathplane2.cs using Guid(416efbd88c77fca478800d1d24d7d999) Importer(815301076,1909f56bfc062723c751e8b465ee728b)  -> (artifact id: '7e0b9ace6eb26237b1cc0313733db7c9') in 0.002819 seconds
  Import took 0.004449 seconds .

========================================================================
Received Import Request.
  Time since last request: 1.824628 seconds.
  path: Assets/Scripts/Deathplane1.cs
  artifactKey: Guid(478ea996b817b034b994ca5787829a7e) Importer(815301076,1909f56bfc062723c751e8b465ee728b)
Start importing Assets/Scripts/Deathplane1.cs using Guid(478ea996b817b034b994ca5787829a7e) Importer(815301076,1909f56bfc062723c751e8b465ee728b)  -> (artifact id: '05a0f86119a5d7177fa481e3c3659ed1') in 0.003490 seconds
  Import took 0.005530 seconds .

========================================================================
Received Import Request.
  Time since last request: 0.000981 seconds.
  path: Assets/Scripts/Deathplane1.cs
  artifactKey: Guid(478ea996b817b034b994ca5787829a7e) Importer(815301076,1909f56bfc062723c751e8b465ee728b)
Start importing Assets/Scripts/Deathplane1.cs using Guid(478ea996b817b034b994ca5787829a7e) Importer(815301076,1909f56bfc062723c751e8b465ee728b)  -> (artifact id: '05a0f86119a5d7177fa481e3c3659ed1') in 0.002699 seconds
  Import took 0.004334 seconds .

========================================================================
Received Prepare
Registering precompiled user dll's ...
Registered in 0.002859 seconds.
Begin MonoManager ReloadAssembly
Native extension for WindowsStandalone target not found
Native extension for WebGL target not found
Refreshing native plugins compatible for Editor in 0.26 ms, found 2 plugins.
Preloading 0 native plugins for Editor in 0.00 ms.
Mono: successfully reloaded assembly
- Completed reload, in  0.655 seconds
Platform modules already initialized, skipping
Refreshing native plugins compatible for Editor in 0.25 ms, found 2 plugins.
Preloading 0 native plugins for Editor in 0.00 ms.
Unloading 1396 Unused Serialized files (Serialized files now loaded: 0)
System memory in use before: 69.1 MB.
System memory in use after: 69.2 MB.

Unloading 14 unused Assets to reduce memory usage. Loaded Objects now: 1919.
Total: 1.344500 ms (FindLiveObjects: 0.118700 ms CreateObjectMapping: 0.035700 ms MarkObjects: 1.155500 ms  DeleteObjects: 0.034000 ms)

========================================================================
Received Import Request.
  Time since last request: 84.525809 seconds.
  path: Assets/Scenes/Level3Try.unity
  artifactKey: Guid(e13b863fc7888f24cb7328c81e237ef0) Importer(815301076,1909f56bfc062723c751e8b465ee728b)
Start importing Assets/Scenes/Level3Try.unity using Guid(e13b863fc7888f24cb7328c81e237ef0) Importer(815301076,1909f56bfc062723c751e8b465ee728b)  -> (artifact id: 'bb4c0d432860700120bab835a2f7e9bd') in 0.017927 seconds
  Import took 0.019732 seconds .

========================================================================
Received Prepare
Registering precompiled user dll's ...
Registered in 0.002748 seconds.
Begin MonoManager ReloadAssembly
Native extension for WindowsStandalone target not found
Native extension for WebGL target not found
Refreshing native plugins compatible for Editor in 0.25 ms, found 2 plugins.
Preloading 0 native plugins for Editor in 0.00 ms.
Mono: successfully reloaded assembly
- Completed reload, in  0.651 seconds
Platform modules already initialized, skipping
Refreshing native plugins compatible for Editor in 0.24 ms, found 2 plugins.
Preloading 0 native plugins for Editor in 0.00 ms.
Unloading 1396 Unused Serialized files (Serialized files now loaded: 0)
System memory in use before: 69.1 MB.
System memory in use after: 69.2 MB.

Unloading 14 unused Assets to reduce memory usage. Loaded Objects now: 1922.
Total: 1.379000 ms (FindLiveObjects: 0.114400 ms CreateObjectMapping: 0.034400 ms MarkObjects: 1.197600 ms  DeleteObjects: 0.031800 ms)

========================================================================
Received Prepare
Registering precompiled user dll's ...
Registered in 0.002745 seconds.
Begin MonoManager ReloadAssembly
Native extension for WindowsStandalone target not found
Native extension for WebGL target not found
Refreshing native plugins compatible for Editor in 0.26 ms, found 2 plugins.
Preloading 0 native plugins for Editor in 0.00 ms.
Mono: successfully reloaded assembly
- Completed reload, in  0.662 seconds
Platform modules already initialized, skipping
Refreshing native plugins compatible for Editor in 0.25 ms, found 2 plugins.
Preloading 0 native plugins for Editor in 0.00 ms.
Unloading 1396 Unused Serialized files (Serialized files now loaded: 0)
System memory in use before: 69.1 MB.
System memory in use after: 69.2 MB.

Unloading 14 unused Assets to reduce memory usage. Loaded Objects now: 1925.
Total: 1.352400 ms (FindLiveObjects: 0.116100 ms CreateObjectMapping: 0.034900 ms MarkObjects: 1.167200 ms  DeleteObjects: 0.033500 ms)

========================================================================
Received Prepare
Registering precompiled user dll's ...
Registered in 0.002710 seconds.
Begin MonoManager ReloadAssembly
Native extension for WindowsStandalone target not found
Native extension for WebGL target not found
Refreshing native plugins compatible for Editor in 0.25 ms, found 2 plugins.
Preloading 0 native plugins for Editor in 0.00 ms.
Mono: successfully reloaded assembly
- Completed reload, in  0.645 seconds
Platform modules already initialized, skipping
Refreshing native plugins compatible for Editor in 0.23 ms, found 2 plugins.
Preloading 0 native plugins for Editor in 0.00 ms.
Unloading 1396 Unused Serialized files (Serialized files now loaded: 0)
System memory in use before: 69.1 MB.
System memory in use after: 69.2 MB.

Unloading 14 unused Assets to reduce memory usage. Loaded Objects now: 1928.
Total: 1.400200 ms (FindLiveObjects: 0.125000 ms CreateObjectMapping: 0.037400 ms MarkObjects: 1.204100 ms  DeleteObjects: 0.033000 ms)

========================================================================
Received Import Request.
  Time since last request: 273.196324 seconds.
  path: Assets/Scripts/PlayerCont3.cs
  artifactKey: Guid(b5fcf14df7227f349853cb0e086934d8) Importer(815301076,1909f56bfc062723c751e8b465ee728b)
Start importing Assets/Scripts/PlayerCont3.cs using Guid(b5fcf14df7227f349853cb0e086934d8) Importer(815301076,1909f56bfc062723c751e8b465ee728b)  -> (artifact id: '0a0e23a240aff7818feebabdd594aac3') in 0.006637 seconds
  Import took 0.008283 seconds .

========================================================================
Received Prepare
Registering precompiled user dll's ...
Registered in 0.002650 seconds.
Begin MonoManager ReloadAssembly
Native extension for WindowsStandalone target not found
Native extension for WebGL target not found
Refreshing native plugins compatible for Editor in 0.25 ms, found 2 plugins.
Preloading 0 native plugins for Editor in 0.00 ms.
Mono: successfully reloaded assembly
- Completed reload, in  0.656 seconds
Platform modules already initialized, skipping
Refreshing native plugins compatible for Editor in 0.24 ms, found 2 plugins.
Preloading 0 native plugins for Editor in 0.00 ms.
Unloading 1395 Unused Serialized files (Serialized files now loaded: 0)
System memory in use before: 69.1 MB.
System memory in use after: 69.2 MB.

Unloading 15 unused Assets to reduce memory usage. Loaded Objects now: 1930.
Total: 1.353800 ms (FindLiveObjects: 0.122900 ms CreateObjectMapping: 0.036400 ms MarkObjects: 1.160700 ms  DeleteObjects: 0.033100 ms)

========================================================================
Received Prepare
Registering precompiled user dll's ...
Registered in 0.002656 seconds.
Begin MonoManager ReloadAssembly
Native extension for WindowsStandalone target not found
Native extension for WebGL target not found
Refreshing native plugins compatible for Editor in 0.25 ms, found 2 plugins.
Preloading 0 native plugins for Editor in 0.00 ms.
Mono: successfully reloaded assembly
- Completed reload, in  0.671 seconds
Platform modules already initialized, skipping
Refreshing native plugins compatible for Editor in 0.25 ms, found 2 plugins.
Preloading 0 native plugins for Editor in 0.00 ms.
Unloading 1395 Unused Serialized files (Serialized files now loaded: 0)
System memory in use before: 69.1 MB.
System memory in use after: 69.2 MB.

Unloading 14 unused Assets to reduce memory usage. Loaded Objects now: 1933.
Total: 1.428000 ms (FindLiveObjects: 0.121900 ms CreateObjectMapping: 0.035600 ms MarkObjects: 1.234100 ms  DeleteObjects: 0.035900 ms)

========================================================================
Received Prepare
Registering precompiled user dll's ...
Registered in 0.002697 seconds.
Begin MonoManager ReloadAssembly
Native extension for WindowsStandalone target not found
Native extension for WebGL target not found
Refreshing native plugins compatible for Editor in 0.25 ms, found 2 plugins.
Preloading 0 native plugins for Editor in 0.00 ms.
Mono: successfully reloaded assembly
- Completed reload, in  0.645 seconds
Platform modules already initialized, skipping
Refreshing native plugins compatible for Editor in 0.24 ms, found 2 plugins.
Preloading 0 native plugins for Editor in 0.00 ms.
Unloading 1395 Unused Serialized files (Serialized files now loaded: 0)
System memory in use before: 69.1 MB.
System memory in use after: 69.2 MB.

Unloading 14 unused Assets to reduce memory usage. Loaded Objects now: 1936.
Total: 1.335100 ms (FindLiveObjects: 0.115400 ms CreateObjectMapping: 0.036900 ms MarkObjects: 1.149900 ms  DeleteObjects: 0.032300 ms)

========================================================================
Received Prepare
Registering precompiled user dll's ...
Registered in 0.002701 seconds.
Begin MonoManager ReloadAssembly
Native extension for WindowsStandalone target not found
Native extension for WebGL target not found
Refreshing native plugins compatible for Editor in 0.26 ms, found 2 plugins.
Preloading 0 native plugins for Editor in 0.00 ms.
Mono: successfully reloaded assembly
- Completed reload, in  0.660 seconds
Platform modules already initialized, skipping
Refreshing native plugins compatible for Editor in 0.25 ms, found 2 plugins.
Preloading 0 native plugins for Editor in 0.00 ms.
Unloading 1395 Unused Serialized files (Serialized files now loaded: 0)
System memory in use before: 69.1 MB.
System memory in use after: 69.2 MB.

Unloading 14 unused Assets to reduce memory usage. Loaded Objects now: 1939.
Total: 1.401400 ms (FindLiveObjects: 0.143800 ms CreateObjectMapping: 0.039000 ms MarkObjects: 1.180600 ms  DeleteObjects: 0.035700 ms)

========================================================================
Received Prepare
Refreshing native plugins compatible for Editor in 2.24 ms, found 2 plugins.
Preloading 0 native plugins for Editor in 0.00 ms.
Unloading 12 Unused Serialized files (Serialized files now loaded: 0)
System memory in use before: 41.8 MB.
System memory in use after: 41.8 MB.

Unloading 12 unused Assets to reduce memory usage. Loaded Objects now: 1939.
Total: 1.711100 ms (FindLiveObjects: 0.141300 ms CreateObjectMapping: 0.050200 ms MarkObjects: 1.480700 ms  DeleteObjects: 0.038100 ms)

========================================================================
Received Import Request.
  Time since last request: 617.308729 seconds.
  path: Assets/Scripts/PlayerController.cs
  artifactKey: Guid(f1f1ca0968eaadf4cad479336695b135) Importer(815301076,1909f56bfc062723c751e8b465ee728b)
Start importing Assets/Scripts/PlayerController.cs using Guid(f1f1ca0968eaadf4cad479336695b135) Importer(815301076,1909f56bfc062723c751e8b465ee728b)  -> (artifact id: 'c7c68211bf4894c2e820ba7be01fd28c') in 0.003739 seconds
  Import took 0.008071 seconds .

========================================================================
Received Import Request.
  Time since last request: 0.001136 seconds.
  path: Assets/Scripts/PlayerController.cs
  artifactKey: Guid(f1f1ca0968eaadf4cad479336695b135) Importer(815301076,1909f56bfc062723c751e8b465ee728b)
Start importing Assets/Scripts/PlayerController.cs using Guid(f1f1ca0968eaadf4cad479336695b135) Importer(815301076,1909f56bfc062723c751e8b465ee728b)  -> (artifact id: 'c7c68211bf4894c2e820ba7be01fd28c') in 0.002808 seconds
  Import took 0.004628 seconds .

========================================================================
Received Prepare
Refreshing native plugins compatible for Editor in 2.47 ms, found 2 plugins.
Preloading 0 native plugins for Editor in 0.00 ms.
Unloading 12 Unused Serialized files (Serialized files now loaded: 0)
System memory in use before: 41.9 MB.
System memory in use after: 42.0 MB.

Unloading 12 unused Assets to reduce memory usage. Loaded Objects now: 1939.
Total: 1.615800 ms (FindLiveObjects: 0.149500 ms CreateObjectMapping: 0.059800 ms MarkObjects: 1.363900 ms  DeleteObjects: 0.042100 ms)

========================================================================
Received Prepare
Registering precompiled user dll's ...
Registered in 0.002858 seconds.
Begin MonoManager ReloadAssembly
Native extension for WindowsStandalone target not found
Native extension for WebGL target not found
Refreshing native plugins compatible for Editor in 0.26 ms, found 2 plugins.
Preloading 0 native plugins for Editor in 0.00 ms.
Mono: successfully reloaded assembly
- Completed reload, in  0.665 seconds
Platform modules already initialized, skipping
Refreshing native plugins compatible for Editor in 0.25 ms, found 2 plugins.
Preloading 0 native plugins for Editor in 0.00 ms.
Unloading 1395 Unused Serialized files (Serialized files now loaded: 0)
System memory in use before: 69.3 MB.
System memory in use after: 69.3 MB.

Unloading 14 unused Assets to reduce memory usage. Loaded Objects now: 1942.
Total: 1.410100 ms (FindLiveObjects: 0.121800 ms CreateObjectMapping: 0.035700 ms MarkObjects: 1.216500 ms  DeleteObjects: 0.035400 ms)

========================================================================
Received Prepare
Refreshing native plugins compatible for Editor in 2.53 ms, found 2 plugins.
Preloading 0 native plugins for Editor in 0.00 ms.
Unloading 12 Unused Serialized files (Serialized files now loaded: 0)
System memory in use before: 41.9 MB.
System memory in use after: 42.0 MB.

Unloading 12 unused Assets to reduce memory usage. Loaded Objects now: 1942.
Total: 1.889500 ms (FindLiveObjects: 0.142800 ms CreateObjectMapping: 0.040700 ms MarkObjects: 1.666200 ms  DeleteObjects: 0.038700 ms)

========================================================================
Received Prepare
Registering precompiled user dll's ...
Registered in 0.002642 seconds.
Begin MonoManager ReloadAssembly
Native extension for WindowsStandalone target not found
Native extension for WebGL target not found
Refreshing native plugins compatible for Editor in 0.25 ms, found 2 plugins.
Preloading 0 native plugins for Editor in 0.00 ms.
Mono: successfully reloaded assembly
- Completed reload, in  0.640 seconds
Platform modules already initialized, skipping
Refreshing native plugins compatible for Editor in 0.24 ms, found 2 plugins.
Preloading 0 native plugins for Editor in 0.00 ms.
Unloading 1395 Unused Serialized files (Serialized files now loaded: 0)
System memory in use before: 69.3 MB.
System memory in use after: 69.3 MB.

Unloading 14 unused Assets to reduce memory usage. Loaded Objects now: 1945.
Total: 1.363200 ms (FindLiveObjects: 0.117800 ms CreateObjectMapping: 0.034400 ms MarkObjects: 1.174000 ms  DeleteObjects: 0.036300 ms)

========================================================================
Received Prepare
Refreshing native plugins compatible for Editor in 2.34 ms, found 2 plugins.
Preloading 0 native plugins for Editor in 0.00 ms.
Unloading 12 Unused Serialized files (Serialized files now loaded: 0)
System memory in use before: 41.9 MB.
System memory in use after: 42.0 MB.

Unloading 12 unused Assets to reduce memory usage. Loaded Objects now: 1945.
Total: 2.070700 ms (FindLiveObjects: 0.188200 ms CreateObjectMapping: 0.050400 ms MarkObjects: 1.787600 ms  DeleteObjects: 0.043500 ms)

========================================================================
Received Prepare
Refreshing native plugins compatible for Editor in 2.38 ms, found 2 plugins.
Preloading 0 native plugins for Editor in 0.00 ms.
Unloading 12 Unused Serialized files (Serialized files now loaded: 0)
System memory in use before: 41.9 MB.
System memory in use after: 42.0 MB.

Unloading 12 unused Assets to reduce memory usage. Loaded Objects now: 1945.
Total: 1.599300 ms (FindLiveObjects: 0.168500 ms CreateObjectMapping: 0.049700 ms MarkObjects: 1.338500 ms  DeleteObjects: 0.041800 ms)

